{
  "stats": {
    "suites": 1,
    "tests": 1,
    "passes": 1,
    "pending": 0,
    "failures": 0,
    "start": "2023-12-20T10:40:22.449Z",
    "end": "2023-12-20T10:40:22.941Z",
    "duration": 492,
    "testsRegistered": 1,
    "passPercent": 100,
    "pendingPercent": 0,
    "other": 0,
    "hasOther": false,
    "skipped": 0,
    "hasSkipped": false
  },
  "results": [
    {
      "uuid": "58772d18-21cc-451b-bfb5-796cb277b37d",
      "title": "",
      "fullFile": "cypress\\e2e\\APITesting\\JSONSchemaValidation.cy.js",
      "file": "cypress\\e2e\\APITesting\\JSONSchemaValidation.cy.js",
      "beforeHooks": [],
      "afterHooks": [],
      "tests": [],
      "suites": [
        {
          "uuid": "38110c2a-206d-4af6-95ad-9dded905c174",
          "title": "Schema validation",
          "fullFile": "",
          "file": "",
          "beforeHooks": [],
          "afterHooks": [],
          "tests": [
            {
              "title": "schema validation response",
              "fullTitle": "Schema validation schema validation response",
              "timedOut": null,
              "duration": 457,
              "state": "passed",
              "speed": "fast",
              "pass": true,
              "fail": false,
              "pending": false,
              "context": null,
              "code": "cy.request({\n  method: 'GET',\n  url: 'https://fakestoreapi.com/products'\n}).then(function (response) {\n  var schema = {\n    //récupérer le schema à travers la reponse du body via le site https://transform.tools/json-to-json-schema\n    \"$schema\": \"http://json-schema.org/draft-07/schema#\",\n    \"title\": \"Generated schema for Root\",\n    \"type\": \"array\",\n    \"items\": {\n      \"type\": \"object\",\n      \"properties\": {\n        \"id\": {\n          \"type\": \"number\"\n        },\n        \"title\": {\n          \"type\": \"string\"\n        },\n        \"price\": {\n          \"type\": \"number\"\n        },\n        \"description\": {\n          \"type\": \"string\"\n        },\n        \"category\": {\n          \"type\": \"string\"\n        },\n        \"image\": {\n          \"type\": \"string\"\n        },\n        \"rating\": {\n          \"type\": \"object\",\n          \"properties\": {\n            \"rate\": {\n              \"type\": \"number\"\n            },\n            \"count\": {\n              \"type\": \"number\"\n            }\n          },\n          \"required\": [\"rate\", \"count\"]\n        }\n      },\n      \"required\": [\"id\", \"title\", \"price\", \"description\", \"category\", \"image\", \"rating\"]\n    }\n  }; // Schema END\n  ////// //////\n  var validate = my_ajv.compile(schema); // le ajv.compile() retourne une methode 'validate'\n  var isvalid = validate(response.body); // on passe le response.body à la méthode 'validate' et elle retourne true or false\n  expect(isvalid).to.be[\"true\"]; //on vérifie si le schema correspond à notre response.body\n});",
              "err": {},
              "uuid": "222cb1d1-9102-4112-9177-b0567d1cd48f",
              "parentUUID": "38110c2a-206d-4af6-95ad-9dded905c174",
              "isHook": false,
              "skipped": false
            }
          ],
          "suites": [],
          "passes": [
            "222cb1d1-9102-4112-9177-b0567d1cd48f"
          ],
          "failures": [],
          "pending": [],
          "skipped": [],
          "duration": 457,
          "root": false,
          "rootEmpty": false,
          "_timeout": 2000
        }
      ],
      "passes": [],
      "failures": [],
      "pending": [],
      "skipped": [],
      "duration": 0,
      "root": true,
      "rootEmpty": true,
      "_timeout": 2000
    }
  ],
  "meta": {
    "mocha": {
      "version": "7.0.1"
    },
    "mochawesome": {
      "options": {
        "quiet": false,
        "reportFilename": "mochawesome",
        "saveHtml": false,
        "saveJson": true,
        "consoleReporter": "spec",
        "useInlineDiffs": false,
        "code": true
      },
      "version": "7.1.3"
    },
    "marge": {
      "options": {
        "charts": true,
        "overwrite": false,
        "html": false,
        "json": true,
        "reportDir": "cypress/report/mochawesome-report"
      },
      "version": "6.2.0"
    }
  }
}