{
  "stats": {
    "suites": 1,
    "tests": 1,
    "passes": 0,
    "pending": 0,
    "failures": 1,
    "start": "2023-12-20T09:46:57.471Z",
    "end": "2023-12-20T09:46:58.127Z",
    "duration": 656,
    "testsRegistered": 1,
    "passPercent": 0,
    "pendingPercent": 0,
    "other": 0,
    "hasOther": false,
    "skipped": 0,
    "hasSkipped": false
  },
  "results": [
    {
      "uuid": "166cdfd9-7f4b-4046-8268-c0a27d750159",
      "title": "",
      "fullFile": "cypress\\e2e\\APITesting\\ParsingJSONResponse.cy.js",
      "file": "cypress\\e2e\\APITesting\\ParsingJSONResponse.cy.js",
      "beforeHooks": [],
      "afterHooks": [],
      "tests": [],
      "suites": [
        {
          "uuid": "46522494-1aba-44b1-b990-7c553cb93948",
          "title": "Parsing JSON Response",
          "fullFile": "",
          "file": "",
          "beforeHooks": [],
          "afterHooks": [],
          "tests": [
            {
              "title": "Parsing simple JSON Response",
              "fullTitle": "Parsing JSON Response Parsing simple JSON Response",
              "timedOut": null,
              "duration": 592,
              "state": "failed",
              "speed": null,
              "pass": false,
              "fail": true,
              "pending": false,
              "context": null,
              "code": "cy.request({\n  method: 'GET',\n  url: 'https://fakestoreapi.com/products'\n}).then(function (response) {\n  expect(response.status).to.eq(200);\n  expect(response.body[0].id).to.eq(1);\n  expect(response.body[0].title).to.eq(\"Fjallraven - Foldsack No. 1 Backpack, Fits 15 Laptops\");\n  expect(response.body[0].price).to.eq(109.95);\n  expect(response.body[19].id).to.eq(20);\n  expect(response.body[0].title).to.eq(\"DANVOUY Womens T Shirt Casual Cotton Short\");\n  expect(response.body[0].price).to.eq(12.99);\n});",
              "err": {
                "message": "AssertionError: expected 'Fjallraven - Foldsack No. 1 Backpack, Fits 15 Laptops' to equal 'DANVOUY Womens T Shirt Casual Cotton Short'",
                "estack": "AssertionError: expected 'Fjallraven - Foldsack No. 1 Backpack, Fits 15 Laptops' to equal 'DANVOUY Womens T Shirt Casual Cotton Short'\n    at Context.eval (cypress/e2e/APITesting/ParsingJSONResponse.cy.js:17:46)",
                "diff": "- 'Fjallraven - Foldsack No. 1 Backpack, Fits 15 Laptops'\n+ 'DANVOUY Womens T Shirt Casual Cotton Short'\n"
              },
              "uuid": "4bcc7526-2237-4634-a148-0543f318f4c0",
              "parentUUID": "46522494-1aba-44b1-b990-7c553cb93948",
              "isHook": false,
              "skipped": false
            }
          ],
          "suites": [],
          "passes": [],
          "failures": [
            "4bcc7526-2237-4634-a148-0543f318f4c0"
          ],
          "pending": [],
          "skipped": [],
          "duration": 592,
          "root": false,
          "rootEmpty": false,
          "_timeout": 2000
        }
      ],
      "passes": [],
      "failures": [],
      "pending": [],
      "skipped": [],
      "duration": 0,
      "root": true,
      "rootEmpty": true,
      "_timeout": 2000
    }
  ],
  "meta": {
    "mocha": {
      "version": "7.0.1"
    },
    "mochawesome": {
      "options": {
        "quiet": false,
        "reportFilename": "mochawesome",
        "saveHtml": false,
        "saveJson": true,
        "consoleReporter": "spec",
        "useInlineDiffs": false,
        "code": true
      },
      "version": "7.1.3"
    },
    "marge": {
      "options": {
        "charts": true,
        "overwrite": false,
        "html": false,
        "json": true,
        "reportDir": "cypress/report/mochawesome-report"
      },
      "version": "6.2.0"
    }
  }
}