{
  "stats": {
    "suites": 1,
    "tests": 1,
    "passes": 1,
    "pending": 0,
    "failures": 0,
    "start": "2023-12-20T09:47:31.346Z",
    "end": "2023-12-20T09:47:31.713Z",
    "duration": 367,
    "testsRegistered": 1,
    "passPercent": 100,
    "pendingPercent": 0,
    "other": 0,
    "hasOther": false,
    "skipped": 0,
    "hasSkipped": false
  },
  "results": [
    {
      "uuid": "a6a0ea0c-98f0-4771-9ae9-3a35c5787991",
      "title": "",
      "fullFile": "cypress\\e2e\\APITesting\\ParsingJSONResponse.cy.js",
      "file": "cypress\\e2e\\APITesting\\ParsingJSONResponse.cy.js",
      "beforeHooks": [],
      "afterHooks": [],
      "tests": [],
      "suites": [
        {
          "uuid": "ea1ef2c2-6119-4e05-a3a2-56e85bfdce5f",
          "title": "Parsing JSON Response",
          "fullFile": "",
          "file": "",
          "beforeHooks": [],
          "afterHooks": [],
          "tests": [
            {
              "title": "Parsing simple JSON Response",
              "fullTitle": "Parsing JSON Response Parsing simple JSON Response",
              "timedOut": null,
              "duration": 338,
              "state": "passed",
              "speed": "fast",
              "pass": true,
              "fail": false,
              "pending": false,
              "context": null,
              "code": "cy.request({\n  method: 'GET',\n  url: 'https://fakestoreapi.com/products'\n}).then(function (response) {\n  expect(response.status).to.eq(200);\n  expect(response.body[0].id).to.eq(1);\n  expect(response.body[0].title).to.eq(\"Fjallraven - Foldsack No. 1 Backpack, Fits 15 Laptops\");\n  expect(response.body[0].price).to.eq(109.95);\n  expect(response.body[19].id).to.eq(20);\n  expect(response.body[19].title).to.eq(\"DANVOUY Womens T Shirt Casual Cotton Short\");\n  expect(response.body[19].price).to.eq(12.99);\n});",
              "err": {},
              "uuid": "669172da-d0a6-44fa-8c0c-eb9e1e505214",
              "parentUUID": "ea1ef2c2-6119-4e05-a3a2-56e85bfdce5f",
              "isHook": false,
              "skipped": false
            }
          ],
          "suites": [],
          "passes": [
            "669172da-d0a6-44fa-8c0c-eb9e1e505214"
          ],
          "failures": [],
          "pending": [],
          "skipped": [],
          "duration": 338,
          "root": false,
          "rootEmpty": false,
          "_timeout": 2000
        }
      ],
      "passes": [],
      "failures": [],
      "pending": [],
      "skipped": [],
      "duration": 0,
      "root": true,
      "rootEmpty": true,
      "_timeout": 2000
    }
  ],
  "meta": {
    "mocha": {
      "version": "7.0.1"
    },
    "mochawesome": {
      "options": {
        "quiet": false,
        "reportFilename": "mochawesome",
        "saveHtml": false,
        "saveJson": true,
        "consoleReporter": "spec",
        "useInlineDiffs": false,
        "code": true
      },
      "version": "7.1.3"
    },
    "marge": {
      "options": {
        "charts": true,
        "overwrite": false,
        "html": false,
        "json": true,
        "reportDir": "cypress/report/mochawesome-report"
      },
      "version": "6.2.0"
    }
  }
}