{
  "stats": {
    "suites": 1,
    "tests": 1,
    "passes": 0,
    "pending": 0,
    "failures": 1,
    "start": "2023-12-20T09:46:18.765Z",
    "end": "2023-12-20T09:46:19.371Z",
    "duration": 606,
    "testsRegistered": 1,
    "passPercent": 0,
    "pendingPercent": 0,
    "other": 0,
    "hasOther": false,
    "skipped": 0,
    "hasSkipped": false
  },
  "results": [
    {
      "uuid": "e02c777c-5e9e-4c65-8904-a26c1936ac59",
      "title": "",
      "fullFile": "cypress\\e2e\\APITesting\\ParsingJSONResponse.cy.js",
      "file": "cypress\\e2e\\APITesting\\ParsingJSONResponse.cy.js",
      "beforeHooks": [],
      "afterHooks": [],
      "tests": [],
      "suites": [
        {
          "uuid": "6ac226e3-16b1-4622-bdab-261a915a2529",
          "title": "Parsing JSON Response",
          "fullFile": "",
          "file": "",
          "beforeHooks": [],
          "afterHooks": [],
          "tests": [
            {
              "title": "Parsing simple JSON Response",
              "fullTitle": "Parsing JSON Response Parsing simple JSON Response",
              "timedOut": null,
              "duration": 554,
              "state": "failed",
              "speed": null,
              "pass": false,
              "fail": true,
              "pending": false,
              "context": null,
              "code": "cy.request({\n  method: 'GET',\n  url: 'https://fakestoreapi.com/products'\n}).then(function (response) {\n  expect(response.status).to.eq(200);\n  expect(response.body[0].id).to.eq(1);\n  expect(response.body[0].title).to.eq(\"Fjallraven - Foldsack No. 1 Backpack, Fits 15 Laptops\");\n  expect(response.body[0].price).to.eq(109.95);\n  expect(response.body[19].id).to.eq(10);\n  expect(response.body[0].title).to.eq(\"DANVOUY Womens T Shirt Casual Cotton Short\");\n  expect(response.body[0].price).to.eq(12.99);\n});",
              "err": {
                "message": "AssertionError: expected 20 to equal 10",
                "estack": "AssertionError: expected 20 to equal 10\n    at Context.eval (cypress/e2e/APITesting/ParsingJSONResponse.cy.js:16:44)",
                "diff": "- 20\n+ 10\n"
              },
              "uuid": "1ff72d7c-fafd-424c-871d-cf3d958ccb25",
              "parentUUID": "6ac226e3-16b1-4622-bdab-261a915a2529",
              "isHook": false,
              "skipped": false
            }
          ],
          "suites": [],
          "passes": [],
          "failures": [
            "1ff72d7c-fafd-424c-871d-cf3d958ccb25"
          ],
          "pending": [],
          "skipped": [],
          "duration": 554,
          "root": false,
          "rootEmpty": false,
          "_timeout": 2000
        }
      ],
      "passes": [],
      "failures": [],
      "pending": [],
      "skipped": [],
      "duration": 0,
      "root": true,
      "rootEmpty": true,
      "_timeout": 2000
    }
  ],
  "meta": {
    "mocha": {
      "version": "7.0.1"
    },
    "mochawesome": {
      "options": {
        "quiet": false,
        "reportFilename": "mochawesome",
        "saveHtml": false,
        "saveJson": true,
        "consoleReporter": "spec",
        "useInlineDiffs": false,
        "code": true
      },
      "version": "7.1.3"
    },
    "marge": {
      "options": {
        "charts": true,
        "overwrite": false,
        "html": false,
        "json": true,
        "reportDir": "cypress/report/mochawesome-report"
      },
      "version": "6.2.0"
    }
  }
}