{
  "stats": {
    "suites": 1,
    "tests": 2,
    "passes": 1,
    "pending": 0,
    "failures": 1,
    "start": "2024-05-27T13:07:02.842Z",
    "end": "2024-05-27T13:07:09.564Z",
    "duration": 6722,
    "testsRegistered": 2,
    "passPercent": 50,
    "pendingPercent": 0,
    "other": 0,
    "hasOther": false,
    "skipped": 0,
    "hasSkipped": false
  },
  "results": [
    {
      "uuid": "dfa66210-6ef0-428c-82a9-48945ef609e3",
      "title": "",
      "fullFile": "cypress\\e2e\\BDD\\homepage.feature",
      "file": "cypress\\e2e\\BDD\\homepage.feature",
      "beforeHooks": [],
      "afterHooks": [],
      "tests": [],
      "suites": [
        {
          "uuid": "07f9fc06-16cc-4404-9ce1-4fab452b7105",
          "title": "Naviguer sur le site de cypress",
          "fullFile": "",
          "file": "",
          "beforeHooks": [],
          "afterHooks": [],
          "tests": [
            {
              "title": "Acceder au cours",
              "fullTitle": "Naviguer sur le site de cypress Acceder au cours",
              "timedOut": null,
              "duration": 1826,
              "state": "passed",
              "speed": "fast",
              "pass": true,
              "fail": false,
              "pending": false,
              "context": null,
              "code": "var _a, _b, _c, _d, _e;\nconst { remainingSteps, testCaseStartedId } = retrieveInternalSpecProperties();\ntaskTestCaseStarted(context, {\n    id: testCaseStartedId,\n    testCaseId,\n    attempt: attempt++,\n    timestamp: (0, messages_1.createTimestamp)(),\n});\nwindow.testState = {\n    gherkinDocument,\n    pickles,\n    pickle,\n};\nfor (const step of steps) {\n    if (step.hook) {\n        const hook = step.hook;\n        const testStepId = getTestStepId({\n            context,\n            pickleId: pickle.id,\n            hookIdOrPickleStepId: hook.id,\n        });\n        cy.then(() => {\n            delete window.testState.pickleStep;\n            const start = (0, messages_1.createTimestamp)();\n            internalProperties.currentStepStartedAt = start;\n            taskTestStepStarted(context, {\n                testStepId,\n                testCaseStartedId,\n                timestamp: start,\n            });\n            return cy.wrap(start, { log: false });\n        })\n            .then((start) => {\n            const options = {\n                pickle,\n                gherkinDocument,\n                testCaseStartedId,\n            };\n            (0, cypress_1.runStepWithLogGroup)({\n                fn: () => registry.runCaseHook(this, hook, options),\n                keyword: hook.keyword,\n                text: createStepDescription(hook),\n            });\n            return cy.wrap(start, { log: false });\n        })\n            .then((start) => {\n            const end = (0, messages_1.createTimestamp)();\n            taskTestStepFinished(context, {\n                testStepId,\n                testCaseStartedId,\n                testStepResult: {\n                    status: messages.TestStepResultStatus.PASSED,\n                    duration: (0, messages_1.duration)(start, end),\n                },\n                timestamp: end,\n            }, isLastEl(steps, step));\n            remainingSteps.shift();\n        });\n    }\n    else if (step.pickleStep) {\n        const pickleStep = step.pickleStep;\n        const testStepId = getTestStepId({\n            context,\n            pickleId: pickle.id,\n            hookIdOrPickleStepId: pickleStep.id,\n        });\n        const text = (0, assertions_1.assertAndReturn)(pickleStep.text, \"Expected pickle step to have a text\");\n        const scenarioStep = (0, assertions_1.assertAndReturn)(context.astIdsMap.get((0, assertions_1.assertAndReturn)((_a = pickleStep.astNodeIds) === null || _a === void 0 ? void 0 : _a[0], \"Expected to find at least one astNodeId\")), `Expected to find scenario step associated with id = ${(_b = pickleStep.astNodeIds) === null || _b === void 0 ? void 0 : _b[0]}`);\n        const argument = ((_c = pickleStep.argument) === null || _c === void 0 ? void 0 : _c.dataTable)\n            ? new data_table_1.default(pickleStep.argument.dataTable)\n            : ((_e = (_d = pickleStep.argument) === null || _d === void 0 ? void 0 : _d.docString) === null || _e === void 0 ? void 0 : _e.content)\n                ? pickleStep.argument.docString.content\n                : undefined;\n        cy.then(() => {\n            window.testState.pickleStep = step.pickleStep;\n            const start = (0, messages_1.createTimestamp)();\n            internalProperties.currentStep = { pickleStep };\n            internalProperties.currentStepStartedAt = start;\n            taskTestStepStarted(context, {\n                testStepId,\n                testCaseStartedId,\n                timestamp: start,\n            });\n            return cy.wrap(start, { log: false });\n        })\n            .then((start) => {\n            const beforeStepHooks = registry.resolveBeforeStepHooks(tags);\n            const afterStepHooks = registry.resolveAfterStepHooks(tags);\n            const options = {\n                pickle,\n                pickleStep,\n                gherkinDocument,\n                testCaseStartedId,\n                testStepId,\n            };\n            const beforeHooksChain = beforeStepHooks.reduce((chain, beforeStepHook) => {\n                return chain.then(() => (0, cypress_1.runStepWithLogGroup)({\n                    keyword: \"BeforeStep\",\n                    text: createStepDescription(beforeStepHook),\n                    fn: () => registry.runStepHook(this, beforeStepHook, options),\n                }));\n            }, cy.wrap({}, { log: false }));\n            return beforeHooksChain.then(() => {\n                try {\n                    return (0, cypress_1.runStepWithLogGroup)({\n                        keyword: (0, assertions_1.assertAndReturn)(\"keyword\" in scenarioStep && scenarioStep.keyword, \"Expected to find a keyword in the scenario step\"),\n                        argument,\n                        text,\n                        fn: () => registry.runStepDefininition(this, text, argument),\n                    }).then((result) => {\n                        return afterStepHooks\n                            .reduce((chain, afterStepHook) => {\n                            return chain.then(() => (0, cypress_1.runStepWithLogGroup)({\n                                keyword: \"AfterStep\",\n                                text: createStepDescription(afterStepHook),\n                                fn: () => registry.runStepHook(this, afterStepHook, options),\n                            }));\n                        }, cy.wrap({}, { log: false }))\n                            .then(() => {\n                            return { start, result };\n                        });\n                    });\n                }\n                catch (e) {\n                    if (e instanceof registry_1.MissingDefinitionError) {\n                        throw new Error(createMissingStepDefinitionMessage(context, pickleStep, context.registry.parameterTypeRegistry));\n                    }\n                    else {\n                        throw e;\n                    }\n                }\n            });\n        })\n            .then(({ start, result }) => {\n            var _a, _b, _c;\n            const end = (0, messages_1.createTimestamp)();\n            if (result === \"pending\" || result === \"skipped\") {\n                if (result === \"pending\") {\n                    taskTestStepFinished(context, {\n                        testStepId,\n                        testCaseStartedId,\n                        testStepResult: {\n                            status: messages.TestStepResultStatus.PENDING,\n                            duration: (0, messages_1.duration)(start, end),\n                        },\n                        timestamp: end,\n                    }, isLastEl(steps, step));\n                }\n                else {\n                    taskTestStepFinished(context, {\n                        testStepId,\n                        testCaseStartedId,\n                        testStepResult: {\n                            status: messages.TestStepResultStatus.SKIPPED,\n                            duration: (0, messages_1.duration)(start, end),\n                        },\n                        timestamp: end,\n                    }, isLastEl(steps, step));\n                }\n                remainingSteps.shift();\n                for (const skippedStep of remainingSteps) {\n                    const hookIdOrPickleStepId = (0, assertions_1.assertAndReturn)((_b = (_a = skippedStep.hook) === null || _a === void 0 ? void 0 : _a.id) !== null && _b !== void 0 ? _b : (_c = skippedStep.pickleStep) === null || _c === void 0 ? void 0 : _c.id, \"Expected a step to either be a hook or a pickleStep\");\n                    const testStepId = getTestStepId({\n                        context,\n                        pickleId: pickle.id,\n                        hookIdOrPickleStepId,\n                    });\n                    taskTestStepStarted(context, {\n                        testStepId,\n                        testCaseStartedId,\n                        timestamp: (0, messages_1.createTimestamp)(),\n                    });\n                    taskTestStepFinished(context, {\n                        testStepId,\n                        testCaseStartedId,\n                        testStepResult: {\n                            status: messages.TestStepResultStatus.SKIPPED,\n                            duration: {\n                                seconds: 0,\n                                nanos: 0,\n                            },\n                        },\n                        timestamp: (0, messages_1.createTimestamp)(),\n                    }, isLastEl(remainingSteps, skippedStep));\n                }\n                for (let i = 0, count = remainingSteps.length; i < count; i++) {\n                    remainingSteps.pop();\n                }\n                cy.then(() => this.skip());\n            }\n            else {\n                taskTestStepFinished(context, {\n                    testStepId,\n                    testCaseStartedId,\n                    testStepResult: {\n                        status: messages.TestStepResultStatus.PASSED,\n                        duration: (0, messages_1.duration)(start, end),\n                    },\n                    timestamp: end,\n                }, isLastEl(steps, step));\n                remainingSteps.shift();\n            }\n        });\n    }\n}",
              "err": {},
              "uuid": "6a248417-739a-4b6f-a23a-3eb4f5535426",
              "parentUUID": "07f9fc06-16cc-4404-9ce1-4fab452b7105",
              "isHook": false,
              "skipped": false
            },
            {
              "title": "Acceder aux exemples",
              "fullTitle": "Naviguer sur le site de cypress Acceder aux exemples",
              "timedOut": null,
              "duration": 4766,
              "state": "failed",
              "speed": null,
              "pass": false,
              "fail": true,
              "pending": false,
              "context": null,
              "code": "var _a, _b, _c, _d, _e;\nconst { remainingSteps, testCaseStartedId } = retrieveInternalSpecProperties();\ntaskTestCaseStarted(context, {\n    id: testCaseStartedId,\n    testCaseId,\n    attempt: attempt++,\n    timestamp: (0, messages_1.createTimestamp)(),\n});\nwindow.testState = {\n    gherkinDocument,\n    pickles,\n    pickle,\n};\nfor (const step of steps) {\n    if (step.hook) {\n        const hook = step.hook;\n        const testStepId = getTestStepId({\n            context,\n            pickleId: pickle.id,\n            hookIdOrPickleStepId: hook.id,\n        });\n        cy.then(() => {\n            delete window.testState.pickleStep;\n            const start = (0, messages_1.createTimestamp)();\n            internalProperties.currentStepStartedAt = start;\n            taskTestStepStarted(context, {\n                testStepId,\n                testCaseStartedId,\n                timestamp: start,\n            });\n            return cy.wrap(start, { log: false });\n        })\n            .then((start) => {\n            const options = {\n                pickle,\n                gherkinDocument,\n                testCaseStartedId,\n            };\n            (0, cypress_1.runStepWithLogGroup)({\n                fn: () => registry.runCaseHook(this, hook, options),\n                keyword: hook.keyword,\n                text: createStepDescription(hook),\n            });\n            return cy.wrap(start, { log: false });\n        })\n            .then((start) => {\n            const end = (0, messages_1.createTimestamp)();\n            taskTestStepFinished(context, {\n                testStepId,\n                testCaseStartedId,\n                testStepResult: {\n                    status: messages.TestStepResultStatus.PASSED,\n                    duration: (0, messages_1.duration)(start, end),\n                },\n                timestamp: end,\n            }, isLastEl(steps, step));\n            remainingSteps.shift();\n        });\n    }\n    else if (step.pickleStep) {\n        const pickleStep = step.pickleStep;\n        const testStepId = getTestStepId({\n            context,\n            pickleId: pickle.id,\n            hookIdOrPickleStepId: pickleStep.id,\n        });\n        const text = (0, assertions_1.assertAndReturn)(pickleStep.text, \"Expected pickle step to have a text\");\n        const scenarioStep = (0, assertions_1.assertAndReturn)(context.astIdsMap.get((0, assertions_1.assertAndReturn)((_a = pickleStep.astNodeIds) === null || _a === void 0 ? void 0 : _a[0], \"Expected to find at least one astNodeId\")), `Expected to find scenario step associated with id = ${(_b = pickleStep.astNodeIds) === null || _b === void 0 ? void 0 : _b[0]}`);\n        const argument = ((_c = pickleStep.argument) === null || _c === void 0 ? void 0 : _c.dataTable)\n            ? new data_table_1.default(pickleStep.argument.dataTable)\n            : ((_e = (_d = pickleStep.argument) === null || _d === void 0 ? void 0 : _d.docString) === null || _e === void 0 ? void 0 : _e.content)\n                ? pickleStep.argument.docString.content\n                : undefined;\n        cy.then(() => {\n            window.testState.pickleStep = step.pickleStep;\n            const start = (0, messages_1.createTimestamp)();\n            internalProperties.currentStep = { pickleStep };\n            internalProperties.currentStepStartedAt = start;\n            taskTestStepStarted(context, {\n                testStepId,\n                testCaseStartedId,\n                timestamp: start,\n            });\n            return cy.wrap(start, { log: false });\n        })\n            .then((start) => {\n            const beforeStepHooks = registry.resolveBeforeStepHooks(tags);\n            const afterStepHooks = registry.resolveAfterStepHooks(tags);\n            const options = {\n                pickle,\n                pickleStep,\n                gherkinDocument,\n                testCaseStartedId,\n                testStepId,\n            };\n            const beforeHooksChain = beforeStepHooks.reduce((chain, beforeStepHook) => {\n                return chain.then(() => (0, cypress_1.runStepWithLogGroup)({\n                    keyword: \"BeforeStep\",\n                    text: createStepDescription(beforeStepHook),\n                    fn: () => registry.runStepHook(this, beforeStepHook, options),\n                }));\n            }, cy.wrap({}, { log: false }));\n            return beforeHooksChain.then(() => {\n                try {\n                    return (0, cypress_1.runStepWithLogGroup)({\n                        keyword: (0, assertions_1.assertAndReturn)(\"keyword\" in scenarioStep && scenarioStep.keyword, \"Expected to find a keyword in the scenario step\"),\n                        argument,\n                        text,\n                        fn: () => registry.runStepDefininition(this, text, argument),\n                    }).then((result) => {\n                        return afterStepHooks\n                            .reduce((chain, afterStepHook) => {\n                            return chain.then(() => (0, cypress_1.runStepWithLogGroup)({\n                                keyword: \"AfterStep\",\n                                text: createStepDescription(afterStepHook),\n                                fn: () => registry.runStepHook(this, afterStepHook, options),\n                            }));\n                        }, cy.wrap({}, { log: false }))\n                            .then(() => {\n                            return { start, result };\n                        });\n                    });\n                }\n                catch (e) {\n                    if (e instanceof registry_1.MissingDefinitionError) {\n                        throw new Error(createMissingStepDefinitionMessage(context, pickleStep, context.registry.parameterTypeRegistry));\n                    }\n                    else {\n                        throw e;\n                    }\n                }\n            });\n        })\n            .then(({ start, result }) => {\n            var _a, _b, _c;\n            const end = (0, messages_1.createTimestamp)();\n            if (result === \"pending\" || result === \"skipped\") {\n                if (result === \"pending\") {\n                    taskTestStepFinished(context, {\n                        testStepId,\n                        testCaseStartedId,\n                        testStepResult: {\n                            status: messages.TestStepResultStatus.PENDING,\n                            duration: (0, messages_1.duration)(start, end),\n                        },\n                        timestamp: end,\n                    }, isLastEl(steps, step));\n                }\n                else {\n                    taskTestStepFinished(context, {\n                        testStepId,\n                        testCaseStartedId,\n                        testStepResult: {\n                            status: messages.TestStepResultStatus.SKIPPED,\n                            duration: (0, messages_1.duration)(start, end),\n                        },\n                        timestamp: end,\n                    }, isLastEl(steps, step));\n                }\n                remainingSteps.shift();\n                for (const skippedStep of remainingSteps) {\n                    const hookIdOrPickleStepId = (0, assertions_1.assertAndReturn)((_b = (_a = skippedStep.hook) === null || _a === void 0 ? void 0 : _a.id) !== null && _b !== void 0 ? _b : (_c = skippedStep.pickleStep) === null || _c === void 0 ? void 0 : _c.id, \"Expected a step to either be a hook or a pickleStep\");\n                    const testStepId = getTestStepId({\n                        context,\n                        pickleId: pickle.id,\n                        hookIdOrPickleStepId,\n                    });\n                    taskTestStepStarted(context, {\n                        testStepId,\n                        testCaseStartedId,\n                        timestamp: (0, messages_1.createTimestamp)(),\n                    });\n                    taskTestStepFinished(context, {\n                        testStepId,\n                        testCaseStartedId,\n                        testStepResult: {\n                            status: messages.TestStepResultStatus.SKIPPED,\n                            duration: {\n                                seconds: 0,\n                                nanos: 0,\n                            },\n                        },\n                        timestamp: (0, messages_1.createTimestamp)(),\n                    }, isLastEl(remainingSteps, skippedStep));\n                }\n                for (let i = 0, count = remainingSteps.length; i < count; i++) {\n                    remainingSteps.pop();\n                }\n                cy.then(() => this.skip());\n            }\n            else {\n                taskTestStepFinished(context, {\n                    testStepId,\n                    testCaseStartedId,\n                    testStepResult: {\n                        status: messages.TestStepResultStatus.PASSED,\n                        duration: (0, messages_1.duration)(start, end),\n                    },\n                    timestamp: end,\n                }, isLastEl(steps, step));\n                remainingSteps.shift();\n            }\n        });\n    }\n}",
              "err": {
                "message": "CypressError: Timed out retrying after 4050ms: `cy.click()` failed because the center of this element is hidden from view:\n\n`<a class=\"mt-12 inline-block rounded-md bg-indigo-500 py-2 px-4 text-center text-base text-gray-50 lg:w-6/12\" href=\"/real-world-examples\">See Exa...</a>`\n\nFix this problem, or use `{force: true}` to disable error checking.\n\nhttps://on.cypress.io/element-cannot-be-interacted-with",
                "estack": "CypressError: Timed out retrying after 4050ms: `cy.click()` failed because the center of this element is hidden from view:\n\n`<a class=\"mt-12 inline-block rounded-md bg-indigo-500 py-2 px-4 text-center text-base text-gray-50 lg:w-6/12\" href=\"/real-world-examples\">See Exa...</a>`\n\nFix this problem, or use `{force: true}` to disable error checking.\n\nhttps://on.cypress.io/element-cannot-be-interacted-with\n    at ensureIsDescendent (https://learn.cypress.io/__cypress/runner/cypress_runner.js:111941:66)\n    at ensureDescendents (https://learn.cypress.io/__cypress/runner/cypress_runner.js:111977:5)\n    at possiblyScrollMultipleTimes (https://learn.cypress.io/__cypress/runner/cypress_runner.js:112084:22)\n    at scrollContainers (https://learn.cypress.io/__cypress/runner/cypress_runner.js:112106:16)\n    at ensureDescendentsAndScroll (https://learn.cypress.io/__cypress/runner/cypress_runner.js:112110:14)\n    at ensureElIsNotCovered (https://learn.cypress.io/__cypress/runner/cypress_runner.js:112114:5)\n    at runAllChecks (https://learn.cypress.io/__cypress/runner/cypress_runner.js:112313:52)\n    at retryActionability (https://learn.cypress.io/__cypress/runner/cypress_runner.js:112350:16)\n    at tryCatcher (https://learn.cypress.io/__cypress/runner/cypress_runner.js:1807:23)\n    at Promise.attempt.Promise.try (https://learn.cypress.io/__cypress/runner/cypress_runner.js:4315:29)\n    at whenStable (https://learn.cypress.io/__cypress/runner/cypress_runner.js:144297:68)\n    at <unknown> (https://learn.cypress.io/__cypress/runner/cypress_runner.js:144238:14)\n    at tryCatcher (https://learn.cypress.io/__cypress/runner/cypress_runner.js:1807:23)\n    at Promise._settlePromiseFromHandler (https://learn.cypress.io/__cypress/runner/cypress_runner.js:1519:31)\n    at Promise._settlePromise (https://learn.cypress.io/__cypress/runner/cypress_runner.js:1576:18)\n    at Promise._settlePromise0 (https://learn.cypress.io/__cypress/runner/cypress_runner.js:1621:10)\n    at Promise._settlePromises (https://learn.cypress.io/__cypress/runner/cypress_runner.js:1701:18)\n    at Promise._fulfill (https://learn.cypress.io/__cypress/runner/cypress_runner.js:1645:18)\n    at <unknown> (https://learn.cypress.io/__cypress/runner/cypress_runner.js:5450:46)\nFrom Your Spec Code:\n    at Context.eval (cypress/e2e/BDD/homepage/homepageStepDef.js:20:34)\n    at Registry.runStepDefininition (node_modules/@badeball/cypress-cucumber-preprocessor/dist/registry.js:160:0)\n    at Object.fn (node_modules/@badeball/cypress-cucumber-preprocessor/dist/browser-runtime.js:373:0)\n    at runStepWithLogGroup (node_modules/@badeball/cypress-cucumber-preprocessor/dist/helpers/cypress.js:51:0)\n    at Context.eval (node_modules/@badeball/cypress-cucumber-preprocessor/dist/browser-runtime.js:369:0)",
                "diff": null
              },
              "uuid": "44259635-d1f8-4a04-be77-b0a2200c0fc9",
              "parentUUID": "07f9fc06-16cc-4404-9ce1-4fab452b7105",
              "isHook": false,
              "skipped": false
            }
          ],
          "suites": [],
          "passes": [
            "6a248417-739a-4b6f-a23a-3eb4f5535426"
          ],
          "failures": [
            "44259635-d1f8-4a04-be77-b0a2200c0fc9"
          ],
          "pending": [],
          "skipped": [],
          "duration": 6592,
          "root": false,
          "rootEmpty": false,
          "_timeout": 2000
        }
      ],
      "passes": [],
      "failures": [],
      "pending": [],
      "skipped": [],
      "duration": 0,
      "root": true,
      "rootEmpty": true,
      "_timeout": 2000
    }
  ],
  "meta": {
    "mocha": {
      "version": "7.0.1"
    },
    "mochawesome": {
      "options": {
        "quiet": false,
        "reportFilename": "mochawesome",
        "saveHtml": false,
        "saveJson": true,
        "consoleReporter": "spec",
        "useInlineDiffs": false,
        "code": true
      },
      "version": "7.1.3"
    },
    "marge": {
      "options": {
        "charts": true,
        "overwrite": false,
        "html": false,
        "json": true,
        "reportDir": "cypress/report/mochawesome-report"
      },
      "version": "6.2.0"
    }
  }
}