{
  "stats": {
    "suites": 1,
    "tests": 1,
    "passes": 1,
    "pending": 0,
    "failures": 0,
    "start": "2023-12-19T14:34:55.440Z",
    "end": "2023-12-19T14:34:55.632Z",
    "duration": 192,
    "testsRegistered": 1,
    "passPercent": 100,
    "pendingPercent": 0,
    "other": 0,
    "hasOther": false,
    "skipped": 0,
    "hasSkipped": false
  },
  "results": [
    {
      "uuid": "7dfd0559-2097-4777-9547-911360166591",
      "title": "",
      "fullFile": "cypress\\e2e\\APITesting\\QueryParams.cy.js",
      "file": "cypress\\e2e\\APITesting\\QueryParams.cy.js",
      "beforeHooks": [],
      "afterHooks": [],
      "tests": [],
      "suites": [
        {
          "uuid": "98f9ebfa-27ca-4465-bb1c-90bab6fbd166",
          "title": "API Testing",
          "fullFile": "",
          "file": "",
          "beforeHooks": [],
          "afterHooks": [],
          "tests": [
            {
              "title": "Passing Query parameters",
              "fullTitle": "API Testing Passing Query parameters",
              "timedOut": null,
              "duration": 164,
              "state": "passed",
              "speed": "fast",
              "pass": true,
              "fail": false,
              "pending": false,
              "context": null,
              "code": "cy.request({\n  method: 'GET',\n  url: 'https://reqres.in/api/users',\n  //https://regres.in/api/users?page=2  le \"page=2\" est un Query parameter\n  qs: {\n    page: 2\n  } //on peut spécifier les Query parameters dans le 'qs'\n  //on peut utiliser la constante \"queryParam\" à la place de { page: 2 }\n}).then(function (response) {\n  expect(response.status).equal(200);\n  expect(response.body.page).to.eq(2);\n  expect(response.body.data).has.length(6);\n});",
              "err": {},
              "uuid": "e423f22f-553b-4eaf-9c08-0cacde4baa79",
              "parentUUID": "98f9ebfa-27ca-4465-bb1c-90bab6fbd166",
              "isHook": false,
              "skipped": false
            }
          ],
          "suites": [],
          "passes": [
            "e423f22f-553b-4eaf-9c08-0cacde4baa79"
          ],
          "failures": [],
          "pending": [],
          "skipped": [],
          "duration": 164,
          "root": false,
          "rootEmpty": false,
          "_timeout": 2000
        }
      ],
      "passes": [],
      "failures": [],
      "pending": [],
      "skipped": [],
      "duration": 0,
      "root": true,
      "rootEmpty": true,
      "_timeout": 2000
    }
  ],
  "meta": {
    "mocha": {
      "version": "7.0.1"
    },
    "mochawesome": {
      "options": {
        "quiet": false,
        "reportFilename": "mochawesome",
        "saveHtml": false,
        "saveJson": true,
        "consoleReporter": "spec",
        "useInlineDiffs": false,
        "code": true
      },
      "version": "7.1.3"
    },
    "marge": {
      "options": {
        "charts": true,
        "overwrite": false,
        "html": false,
        "json": true,
        "reportDir": "cypress/report/mochawesome-report"
      },
      "version": "6.2.0"
    }
  }
}